\BOOKMARK [1][-]{section.1}{Einleitung}{}% 1
\BOOKMARK [1][-]{section.2}{Theoretische Grundlagen}{}% 2
\BOOKMARK [2][-]{subsection.2.1}{Zerfallsgesetz}{section.2}% 3
\BOOKMARK [2][-]{subsection.2.2}{Radioaktive Zerf\344lle}{section.2}% 4
\BOOKMARK [3][-]{subsubsection.2.2.1}{-Zerfall}{subsection.2.2}% 5
\BOOKMARK [3][-]{subsubsection.2.2.2}{-Zerfall}{subsection.2.2}% 6
\BOOKMARK [3][-]{subsubsection.2.2.3}{Elektroneneinfang}{subsection.2.2}% 7
\BOOKMARK [3][-]{subsubsection.2.2.4}{-Zerfall}{subsection.2.2}% 8
\BOOKMARK [3][-]{subsubsection.2.2.5}{Innere Konversion}{subsection.2.2}% 9
\BOOKMARK [2][-]{subsection.2.3}{Prozesse in der Atomh\374lle}{section.2}% 10
\BOOKMARK [2][-]{subsection.2.4}{Wechselwirkung von -Strahlung mit Materie}{section.2}% 11
\BOOKMARK [3][-]{subsubsection.2.4.1}{Photo-Effekt}{subsection.2.4}% 12
\BOOKMARK [3][-]{subsubsection.2.4.2}{Compton-Effekt}{subsection.2.4}% 13
\BOOKMARK [3][-]{subsubsection.2.4.3}{Paarbildung und Paarvernichtung}{subsection.2.4}% 14
\BOOKMARK [2][-]{subsection.2.5}{Zerfallsreihen der verwendeten Pr\344parate}{section.2}% 15
\BOOKMARK [3][-]{subsubsection.2.5.1}{Natrium 22Na}{subsection.2.5}% 16
\BOOKMARK [3][-]{subsubsection.2.5.2}{Cobalt 60Co}{subsection.2.5}% 17
\BOOKMARK [3][-]{subsubsection.2.5.3}{Europium 152Eu}{subsection.2.5}% 18
\BOOKMARK [3][-]{subsubsection.2.5.4}{Thorium 228Th}{subsection.2.5}% 19
\BOOKMARK [2][-]{subsection.2.6}{Szintillationsz\344hler}{section.2}% 20
\BOOKMARK [2][-]{subsection.2.7}{Ger\344tebeschreibung}{section.2}% 21
\BOOKMARK [1][-]{section.3}{Versuchsaufbau und -Durchf\374hrung}{}% 22
\BOOKMARK [1][-]{section.4}{Auswertung}{}% 23
\BOOKMARK [1][-]{section.5}{Zusammenfassung und Diskussion }{}% 24
\BOOKMARK [1][-]{section.6}{Anhang}{}% 25
\BOOKMARK [2][-]{subsection.6.1}{Laborheft}{section.6}% 26
